<?xml version="1.0" encoding="UTF-8"?>
<testng-results ignored="0" total="1" passed="1" failed="0" skipped="0">
  <reporter-output>
  </reporter-output>
  <suite started-at="2025-10-24T11:48:09 IST" name="Suite" finished-at="2025-10-24T11:48:16 IST" duration-ms="7580">
    <groups>
    </groups>
    <test started-at="2025-10-24T11:48:09 IST" name="Test" finished-at="2025-10-24T11:48:16 IST" duration-ms="7580">
      <class name="com.actitime.testcases.TC1_ActitimeLogin">
        <test-method is-config="true" signature="setup()[pri:0, instance:com.actitime.testcases.TC1_ActitimeLogin@7161d8d1]" started-at="2025-10-24T11:48:09 IST" name="setup" finished-at="2025-10-24T11:48:14 IST" duration-ms="5265" status="PASS">
          <reporter-output>
          </reporter-output>
        </test-method> <!-- setup -->
        <test-method signature="login()[pri:0, instance:com.actitime.testcases.TC1_ActitimeLogin@7161d8d1]" started-at="2025-10-24T11:48:14 IST" name="login" finished-at="2025-10-24T11:48:16 IST" duration-ms="1975" status="PASS">
          <reporter-output>
          </reporter-output>
        </test-method> <!-- login -->
        <test-method is-config="true" signature="teardown()[pri:0, instance:com.actitime.testcases.TC1_ActitimeLogin@7161d8d1]" started-at="2025-10-24T11:48:16 IST" name="teardown" finished-at="2025-10-24T11:48:16 IST" duration-ms="273" status="PASS">
          <reporter-output>
          </reporter-output>
        </test-method> <!-- teardown -->
      </class> <!-- com.actitime.testcases.TC1_ActitimeLogin -->
    </test> <!-- Test -->
  </suite> <!-- Suite -->
</testng-results>
