<?xml version="1.0" encoding="UTF-8"?>
<testng-results ignored="0" total="1" passed="1" failed="0" skipped="0">
  <reporter-output>
  </reporter-output>
  <suite started-at="2025-10-23T13:44:12 IST" name="Suite" finished-at="2025-10-23T13:44:21 IST" duration-ms="8333">
    <groups>
    </groups>
    <test started-at="2025-10-23T13:44:12 IST" name="Test" finished-at="2025-10-23T13:44:21 IST" duration-ms="8333">
      <class name="com.actitime.testcases.TC1_ActitimeLogin">
        <test-method is-config="true" signature="setup()[pri:0, instance:com.actitime.testcases.TC1_ActitimeLogin@5386659f]" started-at="2025-10-23T13:44:12 IST" name="setup" finished-at="2025-10-23T13:44:19 IST" duration-ms="6520" status="PASS">
          <reporter-output>
          </reporter-output>
        </test-method> <!-- setup -->
        <test-method signature="login()[pri:0, instance:com.actitime.testcases.TC1_ActitimeLogin@5386659f]" started-at="2025-10-23T13:44:19 IST" name="login" finished-at="2025-10-23T13:44:20 IST" duration-ms="1400" status="PASS">
          <reporter-output>
          </reporter-output>
        </test-method> <!-- login -->
        <test-method is-config="true" signature="teardown()[pri:0, instance:com.actitime.testcases.TC1_ActitimeLogin@5386659f]" started-at="2025-10-23T13:44:20 IST" name="teardown" finished-at="2025-10-23T13:44:20 IST" duration-ms="370" status="PASS">
          <reporter-output>
          </reporter-output>
        </test-method> <!-- teardown -->
      </class> <!-- com.actitime.testcases.TC1_ActitimeLogin -->
    </test> <!-- Test -->
  </suite> <!-- Suite -->
</testng-results>
